<?xml version="1.0" encoding="UTF-8"?>
<coverage generated="1594670996548" clover="3.2.0">
  <project timestamp="1594670996548" name="All files">
    <metrics statements="102" coveredstatements="100" conditionals="82" coveredconditionals="61" methods="37" coveredmethods="35" elements="221" coveredelements="196" complexity="0" loc="102" ncloc="102" packages="1" files="4" classes="4"/>
    <file name="change.ts" path="/Users/ryan/code/objects/packages/core/src/layers/change.ts">
      <metrics statements="35" coveredstatements="34" conditionals="52" coveredconditionals="35" methods="12" coveredmethods="11"/>
      <line num="1" count="1" type="stmt"/>
      <line num="14" count="1" type="stmt"/>
      <line num="15" count="11" type="stmt"/>
      <line num="16" count="11" type="cond" truecount="2" falsecount="0"/>
      <line num="19" count="1" type="stmt"/>
      <line num="20" count="27" type="stmt"/>
      <line num="29" count="27" type="cond" truecount="2" falsecount="0"/>
      <line num="31" count="10" type="stmt"/>
      <line num="36" count="17" type="cond" truecount="2" falsecount="0"/>
      <line num="38" count="10" type="stmt"/>
      <line num="46" count="7" type="stmt"/>
      <line num="53" count="12" type="stmt"/>
      <line num="56" count="11" type="stmt"/>
      <line num="60" count="15" type="stmt"/>
      <line num="61" count="21" type="stmt"/>
      <line num="62" count="7" type="stmt"/>
      <line num="64" count="21" type="stmt"/>
      <line num="69" count="21" type="stmt"/>
      <line num="72" count="21" type="stmt"/>
      <line num="75" count="7" type="stmt"/>
      <line num="78" count="3" type="cond" truecount="1" falsecount="1"/>
      <line num="79" count="3" type="cond" truecount="3" falsecount="1"/>
      <line num="85" count="3" type="cond" truecount="3" falsecount="1"/>
      <line num="90" count="0" type="cond" truecount="0" falsecount="4"/>
      <line num="95" count="7" type="stmt"/>
      <line num="99" count="15" type="cond" truecount="2" falsecount="0"/>
      <line num="100" count="2" type="stmt"/>
      <line num="103" count="15" type="stmt"/>
      <line num="105" count="2" type="cond" truecount="2" falsecount="0"/>
      <line num="106" count="1" type="stmt"/>
      <line num="111" count="15" type="stmt"/>
      <line num="116" count="1" type="stmt"/>
      <line num="117" count="12" type="cond" truecount="1" falsecount="1"/>
      <line num="118" count="12" type="stmt"/>
      <line num="121" count="1" type="stmt"/>
    </file>
    <file name="observable.ts" path="/Users/ryan/code/objects/packages/core/src/layers/observable.ts">
      <metrics statements="38" coveredstatements="37" conditionals="22" coveredconditionals="18" methods="15" coveredmethods="14"/>
      <line num="8" count="2" type="stmt"/>
      <line num="10" count="23" type="stmt"/>
      <line num="11" count="23" type="stmt"/>
      <line num="13" count="23" type="stmt"/>
      <line num="14" count="23" type="stmt"/>
      <line num="17" count="23" type="stmt"/>
      <line num="18" count="8" type="stmt"/>
      <line num="19" count="8" type="cond" truecount="3" falsecount="1"/>
      <line num="20" count="8" type="stmt"/>
      <line num="23" count="42" type="stmt"/>
      <line num="26" count="14" type="cond" truecount="3" falsecount="1"/>
      <line num="27" count="14" type="stmt"/>
      <line num="29" count="0" type="stmt"/>
      <line num="35" count="14" type="stmt"/>
      <line num="36" count="14" type="stmt"/>
      <line num="39" count="2" type="stmt"/>
      <line num="41" count="33" type="stmt"/>
      <line num="43" count="7" type="stmt"/>
      <line num="46" count="2" type="stmt"/>
      <line num="47" count="6" type="stmt"/>
      <line num="48" count="6" type="cond" truecount="3" falsecount="1"/>
      <line num="55" count="2" type="stmt"/>
      <line num="56" count="6" type="cond" truecount="2" falsecount="0"/>
      <line num="57" count="4" type="stmt"/>
      <line num="61" count="12" type="stmt"/>
      <line num="62" count="12" type="cond" truecount="1" falsecount="1"/>
      <line num="63" count="12" type="stmt"/>
      <line num="64" count="11" type="stmt"/>
      <line num="66" count="11" type="cond" truecount="2" falsecount="0"/>
      <line num="67" count="1" type="stmt"/>
      <line num="70" count="11" type="stmt"/>
      <line num="72" count="2" type="cond" truecount="2" falsecount="0"/>
      <line num="73" count="1" type="stmt"/>
      <line num="74" count="1" type="stmt"/>
      <line num="83" count="2" type="stmt"/>
      <line num="84" count="4" type="cond" truecount="2" falsecount="0"/>
      <line num="85" count="2" type="stmt"/>
      <line num="88" count="2" type="stmt"/>
    </file>
    <file name="reflection.ts" path="/Users/ryan/code/objects/packages/core/src/layers/reflection.ts">
      <metrics statements="16" coveredstatements="16" conditionals="4" coveredconditionals="4" methods="5" coveredmethods="5"/>
      <line num="3" count="1" type="stmt"/>
      <line num="22" count="1" type="stmt"/>
      <line num="23" count="29" type="stmt"/>
      <line num="25" count="29" type="stmt"/>
      <line num="26" count="29" type="stmt"/>
      <line num="28" count="29" type="stmt"/>
      <line num="30" count="435" type="stmt"/>
      <line num="31" count="40" type="cond" truecount="2" falsecount="0"/>
      <line num="32" count="14" type="stmt"/>
      <line num="34" count="26" type="cond" truecount="2" falsecount="0"/>
      <line num="38" count="9" type="stmt"/>
      <line num="39" count="3" type="stmt"/>
      <line num="41" count="23" type="stmt"/>
      <line num="49" count="29" type="stmt"/>
      <line num="50" count="14" type="stmt"/>
      <line num="52" count="1" type="stmt"/>
    </file>
    <file name="update.ts" path="/Users/ryan/code/objects/packages/core/src/layers/update.ts">
      <metrics statements="13" coveredstatements="13" conditionals="4" coveredconditionals="4" methods="5" coveredmethods="5"/>
      <line num="3" count="1" type="stmt"/>
      <line num="5" count="5" type="stmt"/>
      <line num="7" count="5" type="stmt"/>
      <line num="8" count="5" type="stmt"/>
      <line num="11" count="5" type="stmt"/>
      <line num="12" count="2" type="stmt"/>
      <line num="15" count="1" type="stmt"/>
      <line num="16" count="2" type="cond" truecount="2" falsecount="0"/>
      <line num="17" count="1" type="stmt"/>
      <line num="21" count="1" type="stmt"/>
      <line num="22" count="2" type="cond" truecount="2" falsecount="0"/>
      <line num="23" count="1" type="stmt"/>
      <line num="26" count="1" type="stmt"/>
    </file>
  </project>
</coverage>
